<para>
  This 'quoted text' is wrong in DocBook
</para>