<?xml version="1.0" encoding="UTF-8"?>
<!DOCTYPE chapter [
  <!ENTITY nbsp "entity-value">
]>

<chapter xmlns="http://docbook.org/ns/docbook" version="5.0">
  <title>test-correct.xml</title>
  <para>
    This <quote>quoted phrase</quote> is correct here.
    20&nbsp;GB is not fine.
  </para>
</chapter>